<?xml version="1.0" encoding="UTF-8"?>
<testng-results ignored="0" total="1" passed="0" failed="1" skipped="0">
  <reporter-output>
  </reporter-output>
  <suite started-at="2024-05-23T16:19:16 IST" name="NSEINDIA Test Suite" finished-at="2024-05-23T16:19:57 IST" duration-ms="41132">
    <groups>
    </groups>
    <test started-at="2024-05-23T16:19:16 IST" name="NSEINDIA Automation Test" finished-at="2024-05-23T16:19:57 IST" duration-ms="41132">
      <class name="com.firstorg.nseindia.test.TestDailyMarketReports">
        <test-method is-config="true" signature="setUp(java.lang.String)[pri:0, instance:com.firstorg.nseindia.test.TestDailyMarketReports@72cf2de5]" started-at="2024-05-23T16:19:16 IST" name="setUp" finished-at="2024-05-23T16:19:38 IST" duration-ms="22150" status="PASS">
          <params>
            <param index="0">
              <value is-null="true"/>
            </param>
          </params>
          <reporter-output>
          </reporter-output>
        </test-method> <!-- setUp -->
        <test-method is-config="true" signature="initialization()[pri:0, instance:com.firstorg.nseindia.test.TestDailyMarketReports@72cf2de5]" started-at="2024-05-23T16:19:38 IST" name="initialization" finished-at="2024-05-23T16:19:39 IST" duration-ms="845" status="PASS">
          <reporter-output>
          </reporter-output>
        </test-method> <!-- initialization -->
        <test-method signature="dailyMarketReportsValidation()[pri:0, instance:com.firstorg.nseindia.test.TestDailyMarketReports@72cf2de5]" started-at="2024-05-23T16:19:39 IST" name="dailyMarketReportsValidation" finished-at="2024-05-23T16:19:56 IST" duration-ms="16495" status="FAIL">
          <exception class="java.lang.AssertionError">
            <message>
              <![CDATA[Error during equitiesLabelIsDisplayed Execution, exception: <br>Cannot invoke "org.openqa.selenium.WebElement.isDisplayed()" because "element" is null]]>
            </message>
            <full-stacktrace>
              <![CDATA[java.lang.AssertionError: Error during equitiesLabelIsDisplayed Execution, exception: <br>Cannot invoke "org.openqa.selenium.WebElement.isDisplayed()" because "element" is null
at org.testng.Assert.fail(Assert.java:99)
at com.firstorg.nseindia.pageobjects.AllReportsPage.equitiesLabelIsDisplayed(AllReportsPage.java:106)
at com.firstorg.nseindia.test.TestDailyMarketReports.dailyMarketReportsValidation(TestDailyMarketReports.java:73)
at java.base/jdk.internal.reflect.NativeMethodAccessorImpl.invoke0(Native Method)
at java.base/jdk.internal.reflect.NativeMethodAccessorImpl.invoke(NativeMethodAccessorImpl.java:77)
at java.base/jdk.internal.reflect.DelegatingMethodAccessorImpl.invoke(DelegatingMethodAccessorImpl.java:43)
at java.base/java.lang.reflect.Method.invoke(Method.java:568)
at org.testng.internal.MethodInvocationHelper.invokeMethod(MethodInvocationHelper.java:133)
at org.testng.internal.TestInvoker.invokeMethod(TestInvoker.java:598)
at org.testng.internal.TestInvoker.invokeTestMethod(TestInvoker.java:173)
at org.testng.internal.MethodRunner.runInSequence(MethodRunner.java:46)
at org.testng.internal.TestInvoker$MethodInvocationAgent.invoke(TestInvoker.java:824)
at org.testng.internal.TestInvoker.invokeTestMethods(TestInvoker.java:146)
at org.testng.internal.TestMethodWorker.invokeTestMethods(TestMethodWorker.java:146)
at org.testng.internal.TestMethodWorker.run(TestMethodWorker.java:128)
at java.base/java.util.ArrayList.forEach(ArrayList.java:1511)
at org.testng.TestRunner.privateRun(TestRunner.java:794)
at org.testng.TestRunner.run(TestRunner.java:596)
at org.testng.SuiteRunner.runTest(SuiteRunner.java:377)
at org.testng.SuiteRunner.runSequentially(SuiteRunner.java:371)
at org.testng.SuiteRunner.privateRun(SuiteRunner.java:332)
at org.testng.SuiteRunner.run(SuiteRunner.java:276)
at org.testng.SuiteRunnerWorker.runSuite(SuiteRunnerWorker.java:53)
at org.testng.SuiteRunnerWorker.run(SuiteRunnerWorker.java:96)
at org.testng.TestNG.runSuitesSequentially(TestNG.java:1212)
at org.testng.TestNG.runSuitesLocally(TestNG.java:1134)
at org.testng.TestNG.runSuites(TestNG.java:1063)
at org.testng.TestNG.run(TestNG.java:1031)
at org.apache.maven.surefire.testng.TestNGExecutor.run(TestNGExecutor.java:284)
at org.apache.maven.surefire.testng.TestNGXmlTestSuite.execute(TestNGXmlTestSuite.java:75)
at org.apache.maven.surefire.testng.TestNGProvider.invoke(TestNGProvider.java:119)
at org.apache.maven.surefire.booter.ForkedBooter.runSuitesInProcess(ForkedBooter.java:428)
at org.apache.maven.surefire.booter.ForkedBooter.execute(ForkedBooter.java:162)
at org.apache.maven.surefire.booter.ForkedBooter.run(ForkedBooter.java:562)
at org.apache.maven.surefire.booter.ForkedBooter.main(ForkedBooter.java:548)
]]>
            </full-stacktrace>
          </exception> <!-- java.lang.AssertionError -->
          <reporter-output>
          </reporter-output>
        </test-method> <!-- dailyMarketReportsValidation -->
        <test-method is-config="true" signature="tearDown()[pri:0, instance:com.firstorg.nseindia.test.TestDailyMarketReports@72cf2de5]" started-at="2024-05-23T16:19:56 IST" name="tearDown" finished-at="2024-05-23T16:19:57 IST" duration-ms="1058" status="PASS">
          <reporter-output>
          </reporter-output>
        </test-method> <!-- tearDown -->
      </class> <!-- com.firstorg.nseindia.test.TestDailyMarketReports -->
    </test> <!-- NSEINDIA Automation Test -->
  </suite> <!-- NSEINDIA Test Suite -->
</testng-results>
